Release 14.7 - xst P.20131013 (nt)
Copyright (c) 1995-2013 Xilinx, Inc.  All rights reserved.
--> Parameter TMPDIR set to xst/projnav.tmp


Total REAL time to Xst completion: 0.00 secs
Total CPU time to Xst completion: 0.09 secs
 
--> Parameter xsthdpdir set to xst


Total REAL time to Xst completion: 0.00 secs
Total CPU time to Xst completion: 0.09 secs
 
--> Reading design: B_CNT.prj

TABLE OF CONTENTS
  1) Synthesis Options Summary
  2) HDL Compilation
  3) Design Hierarchy Analysis
  4) HDL Analysis
  5) HDL Synthesis
     5.1) HDL Synthesis Report
  6) Advanced HDL Synthesis
     6.1) Advanced HDL Synthesis Report
  7) Low Level Synthesis
  8) Partition Report
  9) Final Report
	9.1) Device utilization summary
	9.2) Partition Resource Summary
	9.3) TIMING REPORT


=========================================================================
*                      Synthesis Options Summary                        *
=========================================================================
---- Source Parameters
Input File Name                    : "B_CNT.prj"
Input Format                       : mixed
Ignore Synthesis Constraint File   : NO

---- Target Parameters
Output File Name                   : "B_CNT"
Output Format                      : NGC
Target Device                      : xc3s250e-5-tq144

---- Source Options
Top Module Name                    : B_CNT
Automatic FSM Extraction           : YES
FSM Encoding Algorithm             : Auto
Safe Implementation                : No
FSM Style                          : LUT
RAM Extraction                     : Yes
RAM Style                          : Auto
ROM Extraction                     : Yes
Mux Style                          : Auto
Decoder Extraction                 : YES
Priority Encoder Extraction        : Yes
Shift Register Extraction          : YES
Logical Shifter Extraction         : YES
XOR Collapsing                     : YES
ROM Style                          : Auto
Mux Extraction                     : Yes
Resource Sharing                   : YES
Asynchronous To Synchronous        : NO
Multiplier Style                   : Auto
Automatic Register Balancing       : No

---- Target Options
Add IO Buffers                     : YES
Global Maximum Fanout              : 500
Add Generic Clock Buffer(BUFG)     : 24
Register Duplication               : YES
Slice Packing                      : YES
Optimize Instantiated Primitives   : NO
Use Clock Enable                   : Yes
Use Synchronous Set                : Yes
Use Synchronous Reset              : Yes
Pack IO Registers into IOBs        : Auto
Equivalent register Removal        : YES

---- General Options
Optimization Goal                  : Speed
Optimization Effort                : 1
Keep Hierarchy                     : No
Netlist Hierarchy                  : As_Optimized
RTL Output                         : Yes
Global Optimization                : AllClockNets
Read Cores                         : YES
Write Timing Constraints           : NO
Cross Clock Analysis               : NO
Hierarchy Separator                : /
Bus Delimiter                      : <>
Case Specifier                     : Maintain
Slice Utilization Ratio            : 100
BRAM Utilization Ratio             : 100
Verilog 2001                       : YES
Auto BRAM Packing                  : NO
Slice Utilization Ratio Delta      : 5

=========================================================================


=========================================================================
*                          HDL Compilation                              *
=========================================================================
Compiling vhdl file "D:/ISE/kadai7/B_CNT.vhd" in Library work.
Entity <b_cnt> compiled.
Entity <B_CNT> (Architecture <behavioral>) compiled.

=========================================================================
*                     Design Hierarchy Analysis                         *
=========================================================================
Analyzing hierarchy for entity <B_CNT> in library <work> (architecture <behavioral>).


=========================================================================
*                            HDL Analysis                               *
=========================================================================
Analyzing Entity <B_CNT> in library <work> (Architecture <behavioral>).
Entity <B_CNT> analyzed. Unit <B_CNT> generated.


=========================================================================
*                           HDL Synthesis                               *
=========================================================================

Performing bidirectional port resolution...

Synthesizing Unit <B_CNT>.
    Related source file is "D:/ISE/kadai7/B_CNT.vhd".
    Found 26-bit up counter for signal <CLK_CNT>.
    Found 4-bit up counter for signal <CNT>.
    Summary:
	inferred   2 Counter(s).
Unit <B_CNT> synthesized.


=========================================================================
HDL Synthesis Report

Macro Statistics
# Counters                                             : 2
 26-bit up counter                                     : 1
 4-bit up counter                                      : 1

=========================================================================

=========================================================================
*                       Advanced HDL Synthesis                          *
=========================================================================


=========================================================================
Advanced HDL Synthesis Report

Macro Statistics
# Counters                                             : 2
 26-bit up counter                                     : 1
 4-bit up counter                                      : 1

=========================================================================

=========================================================================
*                         Low Level Synthesis                           *
=========================================================================

Optimizing unit <B_CNT> ...

Mapping all equations...
Building and optimizing final netlist ...
Found area constraint ratio of 100 (+ 5) on block B_CNT, actual ratio is 0.

Final Macro Processing ...

=========================================================================
Final Register Report

Macro Statistics
# Registers                                            : 30
 Flip-Flops                                            : 30

=========================================================================

=========================================================================
*                           Partition Report                            *
=========================================================================

Partition Implementation Status
-------------------------------

  No Partitions were found in this design.

-------------------------------

=========================================================================
*                            Final Report                               *
=========================================================================
Final Results
RTL Top Level Output File Name     : B_CNT.ngr
Top Level Output File Name         : B_CNT
Output Format                      : NGC
Optimization Goal                  : Speed
Keep Hierarchy                     : No

Design Statistics
# IOs                              : 6

Cell Usage :
# BELS                             : 84
#      GND                         : 1
#      INV                         : 3
#      LUT1                        : 25
#      LUT2                        : 1
#      LUT3                        : 1
#      LUT4                        : 1
#      MUXCY                       : 25
#      VCC                         : 1
#      XORCY                       : 26
# FlipFlops/Latches                : 30
#      FD                          : 26
#      FDC                         : 4
# Clock Buffers                    : 1
#      BUFGP                       : 1
# IO Buffers                       : 5
#      IBUF                        : 1
#      OBUF                        : 4
=========================================================================

Device utilization summary:
---------------------------

Selected Device : 3s250etq144-5 

 Number of Slices:                       15  out of   2448     0%  
 Number of Slice Flip Flops:             30  out of   4896     0%  
 Number of 4 input LUTs:                 31  out of   4896     0%  
 Number of IOs:                           6
 Number of bonded IOBs:                   6  out of    108     5%  
 Number of GCLKs:                         1  out of     24     4%  

---------------------------
Partition Resource Summary:
---------------------------

  No Partitions were found in this design.

---------------------------


=========================================================================
TIMING REPORT

NOTE: THESE TIMING NUMBERS ARE ONLY A SYNTHESIS ESTIMATE.
      FOR ACCURATE TIMING INFORMATION PLEASE REFER TO THE TRACE REPORT
      GENERATED AFTER PLACE-and-ROUTE.

Clock Information:
------------------
-----------------------------------+------------------------+-------+
Clock Signal                       | Clock buffer(FF name)  | Load  |
-----------------------------------+------------------------+-------+
CLK                                | BUFGP                  | 26    |
CLK_CNT_25                         | NONE(CNT_0)            | 4     |
-----------------------------------+------------------------+-------+
INFO:Xst:2169 - HDL ADVISOR - Some clock signals were not automatically buffered by XST with BUFG/BUFR resources. Please use the buffer_type constraint in order to insert these buffers to the clock signals to help prevent skew problems.

Asynchronous Control Signals Information:
----------------------------------------
-----------------------------------+------------------------+-------+
Control Signal                     | Buffer(FF name)        | Load  |
-----------------------------------+------------------------+-------+
RST_inv(RST_inv1_INV_0:O)          | NONE(CNT_0)            | 4     |
-----------------------------------+------------------------+-------+

Timing Summary:
---------------
Speed Grade: -5

   Minimum period: 4.191ns (Maximum Frequency: 238.635MHz)
   Minimum input arrival time before clock: No path found
   Maximum output required time after clock: 4.221ns
   Maximum combinational path delay: No path found

Timing Detail:
--------------
All values displayed in nanoseconds (ns)

=========================================================================
Timing constraint: Default period analysis for Clock 'CLK'
  Clock period: 4.191ns (frequency: 238.635MHz)
  Total number of paths / destination ports: 351 / 26
-------------------------------------------------------------------------
Delay:               4.191ns (Levels of Logic = 26)
  Source:            CLK_CNT_1 (FF)
  Destination:       CLK_CNT_25 (FF)
  Source Clock:      CLK rising
  Destination Clock: CLK rising

  Data Path: CLK_CNT_1 to CLK_CNT_25
                                Gate     Net
    Cell:in->out      fanout   Delay   Delay  Logical Name (Net Name)
    ----------------------------------------  ------------
     FD:C->Q               1   0.514   0.509  CLK_CNT_1 (CLK_CNT_1)
     LUT1:I0->O            1   0.612   0.000  Mcount_CLK_CNT_cy<1>_rt (Mcount_CLK_CNT_cy<1>_rt)
     MUXCY:S->O            1   0.404   0.000  Mcount_CLK_CNT_cy<1> (Mcount_CLK_CNT_cy<1>)
     MUXCY:CI->O           1   0.052   0.000  Mcount_CLK_CNT_cy<2> (Mcount_CLK_CNT_cy<2>)
     MUXCY:CI->O           1   0.052   0.000  Mcount_CLK_CNT_cy<3> (Mcount_CLK_CNT_cy<3>)
     MUXCY:CI->O           1   0.052   0.000  Mcount_CLK_CNT_cy<4> (Mcount_CLK_CNT_cy<4>)
     MUXCY:CI->O           1   0.051   0.000  Mcount_CLK_CNT_cy<5> (Mcount_CLK_CNT_cy<5>)
     MUXCY:CI->O           1   0.051   0.000  Mcount_CLK_CNT_cy<6> (Mcount_CLK_CNT_cy<6>)
     MUXCY:CI->O           1   0.051   0.000  Mcount_CLK_CNT_cy<7> (Mcount_CLK_CNT_cy<7>)
     MUXCY:CI->O           1   0.051   0.000  Mcount_CLK_CNT_cy<8> (Mcount_CLK_CNT_cy<8>)
     MUXCY:CI->O           1   0.051   0.000  Mcount_CLK_CNT_cy<9> (Mcount_CLK_CNT_cy<9>)
     MUXCY:CI->O           1   0.051   0.000  Mcount_CLK_CNT_cy<10> (Mcount_CLK_CNT_cy<10>)
     MUXCY:CI->O           1   0.051   0.000  Mcount_CLK_CNT_cy<11> (Mcount_CLK_CNT_cy<11>)
     MUXCY:CI->O           1   0.051   0.000  Mcount_CLK_CNT_cy<12> (Mcount_CLK_CNT_cy<12>)
     MUXCY:CI->O           1   0.051   0.000  Mcount_CLK_CNT_cy<13> (Mcount_CLK_CNT_cy<13>)
     MUXCY:CI->O           1   0.051   0.000  Mcount_CLK_CNT_cy<14> (Mcount_CLK_CNT_cy<14>)
     MUXCY:CI->O           1   0.051   0.000  Mcount_CLK_CNT_cy<15> (Mcount_CLK_CNT_cy<15>)
     MUXCY:CI->O           1   0.051   0.000  Mcount_CLK_CNT_cy<16> (Mcount_CLK_CNT_cy<16>)
     MUXCY:CI->O           1   0.051   0.000  Mcount_CLK_CNT_cy<17> (Mcount_CLK_CNT_cy<17>)
     MUXCY:CI->O           1   0.051   0.000  Mcount_CLK_CNT_cy<18> (Mcount_CLK_CNT_cy<18>)
     MUXCY:CI->O           1   0.051   0.000  Mcount_CLK_CNT_cy<19> (Mcount_CLK_CNT_cy<19>)
     MUXCY:CI->O           1   0.051   0.000  Mcount_CLK_CNT_cy<20> (Mcount_CLK_CNT_cy<20>)
     MUXCY:CI->O           1   0.051   0.000  Mcount_CLK_CNT_cy<21> (Mcount_CLK_CNT_cy<21>)
     MUXCY:CI->O           1   0.051   0.000  Mcount_CLK_CNT_cy<22> (Mcount_CLK_CNT_cy<22>)
     MUXCY:CI->O           1   0.051   0.000  Mcount_CLK_CNT_cy<23> (Mcount_CLK_CNT_cy<23>)
     MUXCY:CI->O           0   0.051   0.000  Mcount_CLK_CNT_cy<24> (Mcount_CLK_CNT_cy<24>)
     XORCY:CI->O           1   0.699   0.000  Mcount_CLK_CNT_xor<25> (Result<25>)
     FD:D                      0.268          CLK_CNT_25
    ----------------------------------------
    Total                      4.191ns (3.682ns logic, 0.509ns route)
                                       (87.9% logic, 12.1% route)

=========================================================================
Timing constraint: Default period analysis for Clock 'CLK_CNT_25'
  Clock period: 2.289ns (frequency: 436.862MHz)
  Total number of paths / destination ports: 10 / 4
-------------------------------------------------------------------------
Delay:               2.289ns (Levels of Logic = 1)
  Source:            CNT_0 (FF)
  Destination:       CNT_0 (FF)
  Source Clock:      CLK_CNT_25 rising
  Destination Clock: CLK_CNT_25 rising

  Data Path: CNT_0 to CNT_0
                                Gate     Net
    Cell:in->out      fanout   Delay   Delay  Logical Name (Net Name)
    ----------------------------------------  ------------
     FDC:C->Q              5   0.514   0.538  CNT_0 (CNT_0)
     INV:I->O              1   0.612   0.357  Mcount_CNT_xor<0>11_INV_0 (Result<0>1)
     FDC:D                     0.268          CNT_0
    ----------------------------------------
    Total                      2.289ns (1.394ns logic, 0.895ns route)
                                       (60.9% logic, 39.1% route)

=========================================================================
Timing constraint: Default OFFSET OUT AFTER for Clock 'CLK_CNT_25'
  Total number of paths / destination ports: 4 / 4
-------------------------------------------------------------------------
Offset:              4.221ns (Levels of Logic = 1)
  Source:            CNT_0 (FF)
  Destination:       Q<0> (PAD)
  Source Clock:      CLK_CNT_25 rising

  Data Path: CNT_0 to Q<0>
                                Gate     Net
    Cell:in->out      fanout   Delay   Delay  Logical Name (Net Name)
    ----------------------------------------  ------------
     FDC:C->Q              5   0.514   0.538  CNT_0 (CNT_0)
     OBUF:I->O                 3.169          Q_0_OBUF (Q<0>)
    ----------------------------------------
    Total                      4.221ns (3.683ns logic, 0.538ns route)
                                       (87.3% logic, 12.7% route)

=========================================================================


Total REAL time to Xst completion: 3.00 secs
Total CPU time to Xst completion: 2.70 secs
 
--> 

Total memory usage is 204900 kilobytes

Number of errors   :    0 (   0 filtered)
Number of warnings :    0 (   0 filtered)
Number of infos    :    1 (   0 filtered)

